2017-10-24 17:39:39,553 [INFO] from application in play-dev-mode-akka.actor.default-dispatcher-3 - Creating Pool for datasource 'default'
2017-10-24 17:39:39,656 [INFO] from play.api.db.DefaultDBApi in play-dev-mode-akka.actor.default-dispatcher-3 - Database [default] connected at jdbc:postgresql://localhost:5432/notes
2017-10-24 17:39:40,612 [INFO] from play.api.http.EnabledFilters in play-dev-mode-akka.actor.default-dispatcher-3 - Enabled Filters (see <https://www.playframework.com/documentation/latest/Filters>):


2017-10-24 17:39:40,819 [INFO] from play.api.Play in play-dev-mode-akka.actor.default-dispatcher-3 - Application started (Dev)
2017-10-24 17:46:19,445 [ERROR] from application in application-akka.actor.default-dispatcher-5 - 

! @75m8gkmgm - Internal server error, for (POST) [/api/addAdmin] ->
 
play.api.http.HttpErrorHandlerExceptions$$anon$1: Execution exception[[NullPointerException: null]]
	at play.api.http.HttpErrorHandlerExceptions$.throwableToUsefulException(HttpErrorHandler.scala:255)
	at play.api.http.DefaultHttpErrorHandler.onServerError(HttpErrorHandler.scala:180)
	at play.core.server.AkkaHttpServer$$anonfun$13$$anonfun$apply$1.applyOrElse(AkkaHttpServer.scala:252)
	at play.core.server.AkkaHttpServer$$anonfun$13$$anonfun$apply$1.applyOrElse(AkkaHttpServer.scala:251)
	at scala.concurrent.Future$$anonfun$recoverWith$1.apply(Future.scala:344)
	at scala.concurrent.Future$$anonfun$recoverWith$1.apply(Future.scala:343)
	at scala.concurrent.impl.CallbackRunnable.run(Promise.scala:32)
	at play.api.libs.streams.Execution$trampoline$.execute(Execution.scala:70)
	at scala.concurrent.impl.CallbackRunnable.executeWithValue(Promise.scala:40)
	at scala.concurrent.impl.Promise$DefaultPromise.tryComplete(Promise.scala:248)
	at scala.concurrent.impl.Promise$DefaultPromise.link(Promise.scala:304)
	at scala.concurrent.impl.Promise$DefaultPromise.linkRootOf(Promise.scala:289)
	at scala.concurrent.Future$$anonfun$flatMap$1.apply(Future.scala:253)
	at scala.concurrent.Future$$anonfun$flatMap$1.apply(Future.scala:249)
	at scala.concurrent.impl.CallbackRunnable.run(Promise.scala:32)
	at akka.dispatch.BatchingExecutor$AbstractBatch.processBatch(BatchingExecutor.scala:55)
	at akka.dispatch.BatchingExecutor$BlockableBatch$$anonfun$run$1.apply$mcV$sp(BatchingExecutor.scala:91)
	at akka.dispatch.BatchingExecutor$BlockableBatch$$anonfun$run$1.apply(BatchingExecutor.scala:91)
	at akka.dispatch.BatchingExecutor$BlockableBatch$$anonfun$run$1.apply(BatchingExecutor.scala:91)
	at scala.concurrent.BlockContext$.withBlockContext(BlockContext.scala:72)
	at akka.dispatch.BatchingExecutor$BlockableBatch.run(BatchingExecutor.scala:90)
	at akka.dispatch.TaskInvocation.run(AbstractDispatcher.scala:38)
	at akka.dispatch.ForkJoinExecutorConfigurator$AkkaForkJoinTask.exec(ForkJoinExecutorConfigurator.scala:43)
	at akka.dispatch.forkjoin.ForkJoinTask.doExec(ForkJoinTask.java:260)
	at akka.dispatch.forkjoin.ForkJoinPool$WorkQueue.runTask(ForkJoinPool.java:1339)
	at akka.dispatch.forkjoin.ForkJoinPool.runWorker(ForkJoinPool.java:1979)
	at akka.dispatch.forkjoin.ForkJoinWorkerThread.run(ForkJoinWorkerThread.java:107)
Caused by: java.lang.NullPointerException: null
	at controllers.AdminController.addAdmin(AdminController.java:16)
	at router.Routes$$anonfun$routes$1$$anonfun$applyOrElse$16$$anonfun$apply$16.apply(Routes.scala:454)
	at router.Routes$$anonfun$routes$1$$anonfun$applyOrElse$16$$anonfun$apply$16.apply(Routes.scala:454)
	at play.core.routing.HandlerInvokerFactory$$anon$3.resultCall(HandlerInvoker.scala:136)
	at play.core.routing.HandlerInvokerFactory$$anon$3.resultCall(HandlerInvoker.scala:135)
	at play.core.routing.HandlerInvokerFactory$JavaActionInvokerFactory$$anon$8$$anon$2$$anon$1.invocation(HandlerInvoker.scala:110)
	at play.core.j.JavaAction$$anon$1.call(JavaAction.scala:78)
	at play.http.DefaultActionCreator$1.call(DefaultActionCreator.java:31)
	at play.core.j.JavaAction$$anonfun$7.apply(JavaAction.scala:113)
	at play.core.j.JavaAction$$anonfun$7.apply(JavaAction.scala:113)
	at scala.concurrent.impl.Future$PromiseCompletingRunnable.liftedTree1$1(Future.scala:24)
	at scala.concurrent.impl.Future$PromiseCompletingRunnable.run(Future.scala:24)
	at play.core.j.HttpExecutionContext$$anon$2.run(HttpExecutionContext.scala:56)
	at play.api.libs.streams.Execution$trampoline$.execute(Execution.scala:70)
	at play.core.j.HttpExecutionContext.execute(HttpExecutionContext.scala:48)
	at scala.concurrent.impl.Future$.apply(Future.scala:31)
	at scala.concurrent.Future$.apply(Future.scala:492)
	at play.core.j.JavaAction.apply(JavaAction.scala:113)
	at play.api.mvc.Action$$anonfun$apply$2.apply(Action.scala:96)
	at play.api.mvc.Action$$anonfun$apply$2.apply(Action.scala:89)
	at scala.concurrent.Future$$anonfun$flatMap$1.apply(Future.scala:251)
	... 14 common frames omitted
2017-10-24 17:46:45,973 [ERROR] from application in application-akka.actor.default-dispatcher-5 - 

! @75m8gm9nb - Internal server error, for (POST) [/api/addAdmin] ->
 
play.api.http.HttpErrorHandlerExceptions$$anon$1: Execution exception[[NullPointerException: null]]
	at play.api.http.HttpErrorHandlerExceptions$.throwableToUsefulException(HttpErrorHandler.scala:255)
	at play.api.http.DefaultHttpErrorHandler.onServerError(HttpErrorHandler.scala:180)
	at play.core.server.AkkaHttpServer$$anonfun$13$$anonfun$apply$1.applyOrElse(AkkaHttpServer.scala:252)
	at play.core.server.AkkaHttpServer$$anonfun$13$$anonfun$apply$1.applyOrElse(AkkaHttpServer.scala:251)
	at scala.concurrent.Future$$anonfun$recoverWith$1.apply(Future.scala:344)
	at scala.concurrent.Future$$anonfun$recoverWith$1.apply(Future.scala:343)
	at scala.concurrent.impl.CallbackRunnable.run(Promise.scala:32)
	at play.api.libs.streams.Execution$trampoline$.execute(Execution.scala:70)
	at scala.concurrent.impl.CallbackRunnable.executeWithValue(Promise.scala:40)
	at scala.concurrent.impl.Promise$DefaultPromise.tryComplete(Promise.scala:248)
	at scala.concurrent.impl.Promise$DefaultPromise.link(Promise.scala:304)
	at scala.concurrent.impl.Promise$DefaultPromise.linkRootOf(Promise.scala:289)
	at scala.concurrent.Future$$anonfun$flatMap$1.apply(Future.scala:253)
	at scala.concurrent.Future$$anonfun$flatMap$1.apply(Future.scala:249)
	at scala.concurrent.impl.CallbackRunnable.run(Promise.scala:32)
	at akka.dispatch.BatchingExecutor$AbstractBatch.processBatch(BatchingExecutor.scala:55)
	at akka.dispatch.BatchingExecutor$BlockableBatch$$anonfun$run$1.apply$mcV$sp(BatchingExecutor.scala:91)
	at akka.dispatch.BatchingExecutor$BlockableBatch$$anonfun$run$1.apply(BatchingExecutor.scala:91)
	at akka.dispatch.BatchingExecutor$BlockableBatch$$anonfun$run$1.apply(BatchingExecutor.scala:91)
	at scala.concurrent.BlockContext$.withBlockContext(BlockContext.scala:72)
	at akka.dispatch.BatchingExecutor$BlockableBatch.run(BatchingExecutor.scala:90)
	at akka.dispatch.TaskInvocation.run(AbstractDispatcher.scala:38)
	at akka.dispatch.ForkJoinExecutorConfigurator$AkkaForkJoinTask.exec(ForkJoinExecutorConfigurator.scala:43)
	at akka.dispatch.forkjoin.ForkJoinTask.doExec(ForkJoinTask.java:260)
	at akka.dispatch.forkjoin.ForkJoinPool$WorkQueue.runTask(ForkJoinPool.java:1339)
	at akka.dispatch.forkjoin.ForkJoinPool.runWorker(ForkJoinPool.java:1979)
	at akka.dispatch.forkjoin.ForkJoinWorkerThread.run(ForkJoinWorkerThread.java:107)
Caused by: java.lang.NullPointerException: null
	at controllers.AdminController.addAdmin(AdminController.java:16)
	at router.Routes$$anonfun$routes$1$$anonfun$applyOrElse$16$$anonfun$apply$16.apply(Routes.scala:454)
	at router.Routes$$anonfun$routes$1$$anonfun$applyOrElse$16$$anonfun$apply$16.apply(Routes.scala:454)
	at play.core.routing.HandlerInvokerFactory$$anon$3.resultCall(HandlerInvoker.scala:136)
	at play.core.routing.HandlerInvokerFactory$$anon$3.resultCall(HandlerInvoker.scala:135)
	at play.core.routing.HandlerInvokerFactory$JavaActionInvokerFactory$$anon$8$$anon$2$$anon$1.invocation(HandlerInvoker.scala:110)
	at play.core.j.JavaAction$$anon$1.call(JavaAction.scala:78)
	at play.http.DefaultActionCreator$1.call(DefaultActionCreator.java:31)
	at play.core.j.JavaAction$$anonfun$7.apply(JavaAction.scala:113)
	at play.core.j.JavaAction$$anonfun$7.apply(JavaAction.scala:113)
	at scala.concurrent.impl.Future$PromiseCompletingRunnable.liftedTree1$1(Future.scala:24)
	at scala.concurrent.impl.Future$PromiseCompletingRunnable.run(Future.scala:24)
	at play.core.j.HttpExecutionContext$$anon$2.run(HttpExecutionContext.scala:56)
	at play.api.libs.streams.Execution$trampoline$.execute(Execution.scala:70)
	at play.core.j.HttpExecutionContext.execute(HttpExecutionContext.scala:48)
	at scala.concurrent.impl.Future$.apply(Future.scala:31)
	at scala.concurrent.Future$.apply(Future.scala:492)
	at play.core.j.JavaAction.apply(JavaAction.scala:113)
	at play.api.mvc.Action$$anonfun$apply$2.apply(Action.scala:96)
	at play.api.mvc.Action$$anonfun$apply$2.apply(Action.scala:89)
	at scala.concurrent.Future$$anonfun$flatMap$1.apply(Future.scala:251)
	... 14 common frames omitted
2017-10-24 17:51:33,429 [ERROR] from application in application-akka.actor.default-dispatcher-5 - 

! @75m8hcj3b - Internal server error, for (POST) [/api/addAdmin] ->
 
play.api.http.HttpErrorHandlerExceptions$$anon$1: Execution exception[[NullPointerException: null]]
	at play.api.http.HttpErrorHandlerExceptions$.throwableToUsefulException(HttpErrorHandler.scala:255)
	at play.api.http.DefaultHttpErrorHandler.onServerError(HttpErrorHandler.scala:180)
	at play.core.server.AkkaHttpServer$$anonfun$13$$anonfun$apply$1.applyOrElse(AkkaHttpServer.scala:252)
	at play.core.server.AkkaHttpServer$$anonfun$13$$anonfun$apply$1.applyOrElse(AkkaHttpServer.scala:251)
	at scala.concurrent.Future$$anonfun$recoverWith$1.apply(Future.scala:344)
	at scala.concurrent.Future$$anonfun$recoverWith$1.apply(Future.scala:343)
	at scala.concurrent.impl.CallbackRunnable.run(Promise.scala:32)
	at play.api.libs.streams.Execution$trampoline$.execute(Execution.scala:70)
	at scala.concurrent.impl.CallbackRunnable.executeWithValue(Promise.scala:40)
	at scala.concurrent.impl.Promise$DefaultPromise.tryComplete(Promise.scala:248)
	at scala.concurrent.impl.Promise$DefaultPromise.link(Promise.scala:304)
	at scala.concurrent.impl.Promise$DefaultPromise.linkRootOf(Promise.scala:289)
	at scala.concurrent.Future$$anonfun$flatMap$1.apply(Future.scala:253)
	at scala.concurrent.Future$$anonfun$flatMap$1.apply(Future.scala:249)
	at scala.concurrent.impl.CallbackRunnable.run(Promise.scala:32)
	at akka.dispatch.BatchingExecutor$AbstractBatch.processBatch(BatchingExecutor.scala:55)
	at akka.dispatch.BatchingExecutor$BlockableBatch$$anonfun$run$1.apply$mcV$sp(BatchingExecutor.scala:91)
	at akka.dispatch.BatchingExecutor$BlockableBatch$$anonfun$run$1.apply(BatchingExecutor.scala:91)
	at akka.dispatch.BatchingExecutor$BlockableBatch$$anonfun$run$1.apply(BatchingExecutor.scala:91)
	at scala.concurrent.BlockContext$.withBlockContext(BlockContext.scala:72)
	at akka.dispatch.BatchingExecutor$BlockableBatch.run(BatchingExecutor.scala:90)
	at akka.dispatch.TaskInvocation.run(AbstractDispatcher.scala:38)
	at akka.dispatch.ForkJoinExecutorConfigurator$AkkaForkJoinTask.exec(ForkJoinExecutorConfigurator.scala:43)
	at akka.dispatch.forkjoin.ForkJoinTask.doExec(ForkJoinTask.java:260)
	at akka.dispatch.forkjoin.ForkJoinPool$WorkQueue.runTask(ForkJoinPool.java:1339)
	at akka.dispatch.forkjoin.ForkJoinPool.runWorker(ForkJoinPool.java:1979)
	at akka.dispatch.forkjoin.ForkJoinWorkerThread.run(ForkJoinWorkerThread.java:107)
Caused by: java.lang.NullPointerException: null
	at controllers.AdminController.addAdmin(AdminController.java:17)
	at router.Routes$$anonfun$routes$1$$anonfun$applyOrElse$16$$anonfun$apply$16.apply(Routes.scala:454)
	at router.Routes$$anonfun$routes$1$$anonfun$applyOrElse$16$$anonfun$apply$16.apply(Routes.scala:454)
	at play.core.routing.HandlerInvokerFactory$$anon$3.resultCall(HandlerInvoker.scala:136)
	at play.core.routing.HandlerInvokerFactory$$anon$3.resultCall(HandlerInvoker.scala:135)
	at play.core.routing.HandlerInvokerFactory$JavaActionInvokerFactory$$anon$8$$anon$2$$anon$1.invocation(HandlerInvoker.scala:110)
	at play.core.j.JavaAction$$anon$1.call(JavaAction.scala:78)
	at play.http.DefaultActionCreator$1.call(DefaultActionCreator.java:31)
	at play.core.j.JavaAction$$anonfun$7.apply(JavaAction.scala:113)
	at play.core.j.JavaAction$$anonfun$7.apply(JavaAction.scala:113)
	at scala.concurrent.impl.Future$PromiseCompletingRunnable.liftedTree1$1(Future.scala:24)
	at scala.concurrent.impl.Future$PromiseCompletingRunnable.run(Future.scala:24)
	at play.core.j.HttpExecutionContext$$anon$2.run(HttpExecutionContext.scala:56)
	at play.api.libs.streams.Execution$trampoline$.execute(Execution.scala:70)
	at play.core.j.HttpExecutionContext.execute(HttpExecutionContext.scala:48)
	at scala.concurrent.impl.Future$.apply(Future.scala:31)
	at scala.concurrent.Future$.apply(Future.scala:492)
	at play.core.j.JavaAction.apply(JavaAction.scala:113)
	at play.api.mvc.Action$$anonfun$apply$2.apply(Action.scala:96)
	at play.api.mvc.Action$$anonfun$apply$2.apply(Action.scala:89)
	at scala.concurrent.Future$$anonfun$flatMap$1.apply(Future.scala:251)
	... 14 common frames omitted
2017-10-24 17:52:29,173 [ERROR] from application in application-akka.actor.default-dispatcher-5 - 

! @75m8hfnfb - Internal server error, for (POST) [/api/addAdmin] ->
 
play.api.http.HttpErrorHandlerExceptions$$anon$1: Execution exception[[NullPointerException: null]]
	at play.api.http.HttpErrorHandlerExceptions$.throwableToUsefulException(HttpErrorHandler.scala:255)
	at play.api.http.DefaultHttpErrorHandler.onServerError(HttpErrorHandler.scala:180)
	at play.core.server.AkkaHttpServer$$anonfun$13$$anonfun$apply$1.applyOrElse(AkkaHttpServer.scala:252)
	at play.core.server.AkkaHttpServer$$anonfun$13$$anonfun$apply$1.applyOrElse(AkkaHttpServer.scala:251)
	at scala.concurrent.Future$$anonfun$recoverWith$1.apply(Future.scala:344)
	at scala.concurrent.Future$$anonfun$recoverWith$1.apply(Future.scala:343)
	at scala.concurrent.impl.CallbackRunnable.run(Promise.scala:32)
	at play.api.libs.streams.Execution$trampoline$.execute(Execution.scala:70)
	at scala.concurrent.impl.CallbackRunnable.executeWithValue(Promise.scala:40)
	at scala.concurrent.impl.Promise$DefaultPromise.tryComplete(Promise.scala:248)
	at scala.concurrent.impl.Promise$DefaultPromise.link(Promise.scala:304)
	at scala.concurrent.impl.Promise$DefaultPromise.linkRootOf(Promise.scala:289)
	at scala.concurrent.Future$$anonfun$flatMap$1.apply(Future.scala:253)
	at scala.concurrent.Future$$anonfun$flatMap$1.apply(Future.scala:249)
	at scala.concurrent.impl.CallbackRunnable.run(Promise.scala:32)
	at akka.dispatch.BatchingExecutor$AbstractBatch.processBatch(BatchingExecutor.scala:55)
	at akka.dispatch.BatchingExecutor$BlockableBatch$$anonfun$run$1.apply$mcV$sp(BatchingExecutor.scala:91)
	at akka.dispatch.BatchingExecutor$BlockableBatch$$anonfun$run$1.apply(BatchingExecutor.scala:91)
	at akka.dispatch.BatchingExecutor$BlockableBatch$$anonfun$run$1.apply(BatchingExecutor.scala:91)
	at scala.concurrent.BlockContext$.withBlockContext(BlockContext.scala:72)
	at akka.dispatch.BatchingExecutor$BlockableBatch.run(BatchingExecutor.scala:90)
	at akka.dispatch.TaskInvocation.run(AbstractDispatcher.scala:38)
	at akka.dispatch.ForkJoinExecutorConfigurator$AkkaForkJoinTask.exec(ForkJoinExecutorConfigurator.scala:43)
	at akka.dispatch.forkjoin.ForkJoinTask.doExec(ForkJoinTask.java:260)
	at akka.dispatch.forkjoin.ForkJoinPool$WorkQueue.runTask(ForkJoinPool.java:1339)
	at akka.dispatch.forkjoin.ForkJoinPool.runWorker(ForkJoinPool.java:1979)
	at akka.dispatch.forkjoin.ForkJoinWorkerThread.run(ForkJoinWorkerThread.java:107)
Caused by: java.lang.NullPointerException: null
	at controllers.AdminController.addAdmin(AdminController.java:17)
	at router.Routes$$anonfun$routes$1$$anonfun$applyOrElse$16$$anonfun$apply$16.apply(Routes.scala:454)
	at router.Routes$$anonfun$routes$1$$anonfun$applyOrElse$16$$anonfun$apply$16.apply(Routes.scala:454)
	at play.core.routing.HandlerInvokerFactory$$anon$3.resultCall(HandlerInvoker.scala:136)
	at play.core.routing.HandlerInvokerFactory$$anon$3.resultCall(HandlerInvoker.scala:135)
	at play.core.routing.HandlerInvokerFactory$JavaActionInvokerFactory$$anon$8$$anon$2$$anon$1.invocation(HandlerInvoker.scala:110)
	at play.core.j.JavaAction$$anon$1.call(JavaAction.scala:78)
	at play.http.DefaultActionCreator$1.call(DefaultActionCreator.java:31)
	at play.core.j.JavaAction$$anonfun$7.apply(JavaAction.scala:113)
	at play.core.j.JavaAction$$anonfun$7.apply(JavaAction.scala:113)
	at scala.concurrent.impl.Future$PromiseCompletingRunnable.liftedTree1$1(Future.scala:24)
	at scala.concurrent.impl.Future$PromiseCompletingRunnable.run(Future.scala:24)
	at play.core.j.HttpExecutionContext$$anon$2.run(HttpExecutionContext.scala:56)
	at play.api.libs.streams.Execution$trampoline$.execute(Execution.scala:70)
	at play.core.j.HttpExecutionContext.execute(HttpExecutionContext.scala:48)
	at scala.concurrent.impl.Future$.apply(Future.scala:31)
	at scala.concurrent.Future$.apply(Future.scala:492)
	at play.core.j.JavaAction.apply(JavaAction.scala:113)
	at play.api.mvc.Action$$anonfun$apply$2.apply(Action.scala:96)
	at play.api.mvc.Action$$anonfun$apply$2.apply(Action.scala:89)
	at scala.concurrent.Future$$anonfun$flatMap$1.apply(Future.scala:251)
	... 14 common frames omitted
